
> lint:fix
> eslint --ignore-path .gitignore --cache --cache-location ./node_modules/.cache/eslint . --ext .ts,.tsx --report-unused-disable-directives --fix


/home/chunc/workspace/grading/app/components/grading/CompactFileUpload.tsx
  200:16  error    Unexpected any. Specify a different type                                                                                                                     @typescript-eslint/no-explicit-any
  295:5   warning  React Hook useCallback has missing dependencies: 'idFetcher', 'uploadFilesToServer', and 'validateFile'. Either include them or remove the dependency array  react-hooks/exhaustive-deps
  481:63  error    Unexpected any. Specify a different type                                                                                                                     @typescript-eslint/no-explicit-any

/home/chunc/workspace/grading/app/components/grading/FeedbackDisplay.tsx
   19:23  error    Unexpected any. Specify a different type                                   @typescript-eslint/no-explicit-any
  144:62  error    'variant' is defined but never used. Allowed unused args must match /^_/u  @typescript-eslint/no-unused-vars
  144:62  warning  'variant' is defined but never used. Allowed unused args must match /^_/u  unused-imports/no-unused-vars

/home/chunc/workspace/grading/app/entry.server.tsx
  17:3  error    'loadContext' is defined but never used. Allowed unused args must match /^_/u  @typescript-eslint/no-unused-vars
  17:3  warning  'loadContext' is defined but never used. Allowed unused args must match /^_/u  unused-imports/no-unused-vars

/home/chunc/workspace/grading/app/routes/_auth.logout.tsx
  3:32  error    'request' is defined but never used. Allowed unused args must match /^_/u  @typescript-eslint/no-unused-vars
  3:32  warning  'request' is defined but never used. Allowed unused args must match /^_/u  unused-imports/no-unused-vars

/home/chunc/workspace/grading/app/routes/_index.tsx
  6:11  error    'user' is assigned a value but never used. Allowed unused vars must match /^_/u  @typescript-eslint/no-unused-vars
  6:11  warning  'user' is assigned a value but never used. Allowed unused vars must match /^_/u  unused-imports/no-unused-vars

/home/chunc/workspace/grading/app/routes/_layout.auth.login.tsx
  191:9  error  The href attribute requires a valid value to be accessible. Provide a valid, navigable address as the href value. If you cannot provide a valid href, but still need the element to resemble a link, use a button and change it with appropriate styles. Learn more: https://github.com/jsx-eslint/eslint-plugin-jsx-a11y/blob/HEAD/docs/rules/anchor-is-valid.md  jsx-a11y/anchor-is-valid
  195:9  error  The href attribute requires a valid value to be accessible. Provide a valid, navigable address as the href value. If you cannot provide a valid href, but still need the element to resemble a link, use a button and change it with appropriate styles. Learn more: https://github.com/jsx-eslint/eslint-plugin-jsx-a11y/blob/HEAD/docs/rules/anchor-is-valid.md  jsx-a11y/anchor-is-valid

/home/chunc/workspace/grading/app/routes/_layout.auth.tsx
  33:13  error  The href attribute requires a valid value to be accessible. Provide a valid, navigable address as the href value. If you cannot provide a valid href, but still need the element to resemble a link, use a button and change it with appropriate styles. Learn more: https://github.com/jsx-eslint/eslint-plugin-jsx-a11y/blob/HEAD/docs/rules/anchor-is-valid.md  jsx-a11y/anchor-is-valid

/home/chunc/workspace/grading/app/routes/_layout.tsx
  52:7  error  Visible, non-interactive elements with click handlers must have at least one keyboard listener                                                                                                     jsx-a11y/click-events-have-key-events
  52:7  error  Avoid non-native interactive elements. If using native HTML is not possible, add an appropriate role and support for tabbing, mouse, keyboard, and touch inputs to an interactive content element  jsx-a11y/no-static-element-interactions

/home/chunc/workspace/grading/app/routes/admin.api-keys.tsx
   41:9   error    'userId' is assigned a value but never used. Allowed unused vars must match /^_/u         @typescript-eslint/no-unused-vars
   41:9   warning  'userId' is assigned a value but never used. Allowed unused vars must match /^_/u         unused-imports/no-unused-vars
   63:9   error    'userId' is assigned a value but never used. Allowed unused vars must match /^_/u         @typescript-eslint/no-unused-vars
   63:9   warning  'userId' is assigned a value but never used. Allowed unused vars must match /^_/u         unused-imports/no-unused-vars
  131:10  error    'showNewKey' is assigned a value but never used. Allowed unused vars must match /^_/u     @typescript-eslint/no-unused-vars
  131:10  warning  'showNewKey' is assigned a value but never used. Allowed unused vars must match /^_/u     unused-imports/no-unused-vars
  131:22  error    'setShowNewKey' is assigned a value but never used. Allowed unused vars must match /^_/u  @typescript-eslint/no-unused-vars
  131:22  warning  'setShowNewKey' is assigned a value but never used. Allowed unused vars must match /^_/u  unused-imports/no-unused-vars

/home/chunc/workspace/grading/app/routes/api.counter.ts
  1:32  error    'request' is defined but never used. Allowed unused args must match /^_/u  @typescript-eslint/no-unused-vars
  1:32  warning  'request' is defined but never used. Allowed unused args must match /^_/u  unused-imports/no-unused-vars

/home/chunc/workspace/grading/app/routes/api.grade-with-rubric.ts
  62:19  error  Unexpected any. Specify a different type  @typescript-eslint/no-explicit-any

/home/chunc/workspace/grading/app/routes/api.grading.ts
  61:32  error    'request' is defined but never used. Allowed unused args must match /^_/u  @typescript-eslint/no-unused-vars
  61:32  warning  'request' is defined but never used. Allowed unused args must match /^_/u  unused-imports/no-unused-vars

/home/chunc/workspace/grading/app/routes/api.lti.launch.ts
   55:11  error    'isInstructor' is assigned a value but never used. Allowed unused vars must match /^_/u  @typescript-eslint/no-unused-vars
   55:11  warning  'isInstructor' is assigned a value but never used. Allowed unused vars must match /^_/u  unused-imports/no-unused-vars
  107:56  error    Unexpected any. Specify a different type                                                 @typescript-eslint/no-explicit-any
  120:54  error    Unexpected any. Specify a different type                                                 @typescript-eslint/no-explicit-any
  136:32  error    'request' is defined but never used. Allowed unused args must match /^_/u                @typescript-eslint/no-unused-vars
  136:32  warning  'request' is defined but never used. Allowed unused args must match /^_/u                unused-imports/no-unused-vars

/home/chunc/workspace/grading/app/routes/api.process-documents.ts
  4:7  error    'MAX_CONTENT' is assigned a value but never used. Allowed unused vars must match /^_/u  @typescript-eslint/no-unused-vars
  4:7  warning  'MAX_CONTENT' is assigned a value but never used. Allowed unused vars must match /^_/u  unused-imports/no-unused-vars

/home/chunc/workspace/grading/app/routes/api.upload.ts
    4:32  error    'request' is defined but never used. Allowed unused args must match /^_/u        @typescript-eslint/no-unused-vars
    4:32  warning  'request' is defined but never used. Allowed unused args must match /^_/u        unused-imports/no-unused-vars
   15:57  error    'uploadHandler' is defined but never used. Allowed unused args must match /^_/u  @typescript-eslint/no-unused-vars
   15:57  warning  'uploadHandler' is defined but never used. Allowed unused args must match /^_/u  unused-imports/no-unused-vars
   15:72  error    Unexpected any. Specify a different type                                         @typescript-eslint/no-explicit-any
   23:56  error    Unexpected any. Specify a different type                                         @typescript-eslint/no-explicit-any
  100:5   error    'uploadId' is never reassigned. Use 'const' instead                              prefer-const

/home/chunc/workspace/grading/app/routes/assignments.grade.$taskId.tsx
  191:6   warning  React Hook useMemo has a missing dependency: 'localFeedback'. Either include it or remove the dependency array       react-hooks/exhaustive-deps
  203:6   warning  React Hook useEffect has a missing dependency: 'fetcher.formData'. Either include it or remove the dependency array  react-hooks/exhaustive-deps
  246:26  error    Empty block statement                                                                                                no-empty

/home/chunc/workspace/grading/app/routes/assignments.grading-with-rubric.tsx
   19:32  error    'request' is defined but never used. Allowed unused args must match /^_/u                                                   @typescript-eslint/no-unused-vars
   19:32  warning  'request' is defined but never used. Allowed unused args must match /^_/u                                                   unused-imports/no-unused-vars
   37:10  error    'gradingError' is assigned a value but never used. Allowed unused vars must match /^_/u                                     @typescript-eslint/no-unused-vars
   37:10  warning  'gradingError' is assigned a value but never used. Allowed unused vars must match /^_/u                                     unused-imports/no-unused-vars
  112:74  error    Unexpected any. Specify a different type                                                                                    @typescript-eslint/no-explicit-any
  141:6   warning  React Hook useEffect has a missing dependency: 'gradingFetcher.formData'. Either include it or remove the dependency array  react-hooks/exhaustive-deps
  148:93  error    Unexpected any. Specify a different type                                                                                    @typescript-eslint/no-explicit-any

/home/chunc/workspace/grading/app/routes/assignments.lti-grading.tsx
   23:6   error    'LtiLoaderResponse' is defined but never used. Allowed unused vars must match /^_/u             @typescript-eslint/no-unused-vars
   23:6   warning  'LtiLoaderResponse' is defined but never used. Allowed unused vars must match /^_/u             unused-imports/no-unused-vars
  167:9   error    'submit' is assigned a value but never used. Allowed unused vars must match /^_/u               @typescript-eslint/no-unused-vars
  167:9   warning  'submit' is assigned a value but never used. Allowed unused vars must match /^_/u               unused-imports/no-unused-vars
  168:10  error    'submitting' is assigned a value but never used. Allowed unused vars must match /^_/u           @typescript-eslint/no-unused-vars
  168:10  warning  'submitting' is assigned a value but never used. Allowed unused vars must match /^_/u           unused-imports/no-unused-vars
  168:22  error    'setSubmitting' is assigned a value but never used. Allowed unused vars must match /^_/u        @typescript-eslint/no-unused-vars
  168:22  warning  'setSubmitting' is assigned a value but never used. Allowed unused vars must match /^_/u        unused-imports/no-unused-vars
  169:10  error    'feedback' is assigned a value but never used. Allowed unused vars must match /^_/u             @typescript-eslint/no-unused-vars
  169:10  warning  'feedback' is assigned a value but never used. Allowed unused vars must match /^_/u             unused-imports/no-unused-vars
  169:20  error    'setFeedback' is assigned a value but never used. Allowed unused vars must match /^_/u          @typescript-eslint/no-unused-vars
  169:20  warning  'setFeedback' is assigned a value but never used. Allowed unused vars must match /^_/u          unused-imports/no-unused-vars
  170:10  error    'score' is assigned a value but never used. Allowed unused vars must match /^_/u                @typescript-eslint/no-unused-vars
  170:10  warning  'score' is assigned a value but never used. Allowed unused vars must match /^_/u                unused-imports/no-unused-vars
  170:17  error    'setScore' is assigned a value but never used. Allowed unused vars must match /^_/u             @typescript-eslint/no-unused-vars
  170:17  warning  'setScore' is assigned a value but never used. Allowed unused vars must match /^_/u             unused-imports/no-unused-vars
  171:10  error    'processingStatus' is assigned a value but never used. Allowed unused vars must match /^_/u     @typescript-eslint/no-unused-vars
  171:10  warning  'processingStatus' is assigned a value but never used. Allowed unused vars must match /^_/u     unused-imports/no-unused-vars
  171:28  error    'setProcessingStatus' is assigned a value but never used. Allowed unused vars must match /^_/u  @typescript-eslint/no-unused-vars
  171:28  warning  'setProcessingStatus' is assigned a value but never used. Allowed unused vars must match /^_/u  unused-imports/no-unused-vars
  174:52  error    Unexpected any. Specify a different type                                                        @typescript-eslint/no-explicit-any
  180:52  error    Unexpected any. Specify a different type                                                        @typescript-eslint/no-explicit-any
  186:9   error    'isInstructor' is assigned a value but never used. Allowed unused vars must match /^_/u         @typescript-eslint/no-unused-vars
  186:9   warning  'isInstructor' is assigned a value but never used. Allowed unused vars must match /^_/u         unused-imports/no-unused-vars
  338:29  error    Unexpected any. Specify a different type                                                        @typescript-eslint/no-explicit-any

/home/chunc/workspace/grading/app/routes/rubrics.$rubricId.edit.tsx
  12:40  error    'request' is defined but never used. Allowed unused args must match /^_/u  @typescript-eslint/no-unused-vars
  12:40  warning  'request' is defined but never used. Allowed unused args must match /^_/u  unused-imports/no-unused-vars

/home/chunc/workspace/grading/app/routes/rubrics.$rubricId.tsx
  8:40  error    'request' is defined but never used. Allowed unused args must match /^_/u  @typescript-eslint/no-unused-vars
  8:40  warning  'request' is defined but never used. Allowed unused args must match /^_/u  unused-imports/no-unused-vars

/home/chunc/workspace/grading/app/routes/rubrics._index.tsx
  8:32  error    'request' is defined but never used. Allowed unused args must match /^_/u  @typescript-eslint/no-unused-vars
  8:32  warning  'request' is defined but never used. Allowed unused args must match /^_/u  unused-imports/no-unused-vars

/home/chunc/workspace/grading/app/routes/rubrics.tsx
  3:32  error    'request' is defined but never used. Allowed unused args must match /^_/u  @typescript-eslint/no-unused-vars
  3:32  warning  'request' is defined but never used. Allowed unused args must match /^_/u  unused-imports/no-unused-vars

/home/chunc/workspace/grading/app/schemas/assignment.ts
  118:42  error  Unexpected any. Specify a different type  @typescript-eslint/no-explicit-any

/home/chunc/workspace/grading/app/services/aiProcessor.server.ts
  154:42  error    Unexpected any. Specify a different type                                                   @typescript-eslint/no-explicit-any
  447:21  error    Unexpected any. Specify a different type                                                   @typescript-eslint/no-explicit-any
  449:12  error    Unexpected any. Specify a different type                                                   @typescript-eslint/no-explicit-any
  645:17  error    'cleanedContent' is assigned a value but never used. Allowed unused vars must match /^_/u  @typescript-eslint/no-unused-vars
  645:17  warning  'cleanedContent' is assigned a value but never used. Allowed unused vars must match /^_/u  unused-imports/no-unused-vars

/home/chunc/workspace/grading/app/services/api.server.ts
   46:61  error    Unexpected any. Specify a different type                                                           @typescript-eslint/no-explicit-any
  230:3   error    'consumerSecret' is defined but never used. Allowed unused args must match /^_/u                   @typescript-eslint/no-unused-vars
  230:3   warning  'consumerSecret' is defined but never used. Allowed unused args must match /^_/u                   unused-imports/no-unused-vars
  236:7   error    'oauth_signature' is assigned a value but never used. Allowed unused vars must match /^_/u         @typescript-eslint/no-unused-vars
  236:7   warning  'oauth_signature' is assigned a value but never used. Allowed unused vars must match /^_/u         unused-imports/no-unused-vars
  237:7   error    'oauth_signature_method' is assigned a value but never used. Allowed unused vars must match /^_/u  @typescript-eslint/no-unused-vars
  237:7   warning  'oauth_signature_method' is assigned a value but never used. Allowed unused vars must match /^_/u  unused-imports/no-unused-vars
  238:7   error    'oauth_timestamp' is assigned a value but never used. Allowed unused vars must match /^_/u         @typescript-eslint/no-unused-vars
  238:7   warning  'oauth_timestamp' is assigned a value but never used. Allowed unused vars must match /^_/u         unused-imports/no-unused-vars
  239:7   error    'oauth_nonce' is assigned a value but never used. Allowed unused vars must match /^_/u             @typescript-eslint/no-unused-vars
  239:7   warning  'oauth_nonce' is assigned a value but never used. Allowed unused vars must match /^_/u             unused-imports/no-unused-vars

/home/chunc/workspace/grading/app/services/auth.server.ts
  94:32  error    'apiKey' is defined but never used. Allowed unused args must match /^_/u  @typescript-eslint/no-unused-vars
  94:32  warning  'apiKey' is defined but never used. Allowed unused args must match /^_/u  unused-imports/no-unused-vars

/home/chunc/workspace/grading/app/services/document-processor.server.ts
  34:53  error  Unexpected any. Specify a different type  @typescript-eslint/no-explicit-any

/home/chunc/workspace/grading/app/services/rubric.server.ts
   29:19  error  Unexpected any. Specify a different type  @typescript-eslint/no-explicit-any
  102:19  error  Unexpected any. Specify a different type  @typescript-eslint/no-explicit-any
  172:19  error  Unexpected any. Specify a different type  @typescript-eslint/no-explicit-any
  209:19  error  Unexpected any. Specify a different type  @typescript-eslint/no-explicit-any

/home/chunc/workspace/grading/app/theme-provider.tsx
   19:3   error    'ssrTheme' is defined but never used. Allowed unused args must match /^_/u  @typescript-eslint/no-unused-vars
   19:3   warning  'ssrTheme' is defined but never used. Allowed unused args must match /^_/u  unused-imports/no-unused-vars
   23:14  error    Unexpected any. Specify a different type                                    @typescript-eslint/no-explicit-any
  122:75  error    Unexpected any. Specify a different type                                    @typescript-eslint/no-explicit-any

/home/chunc/workspace/grading/app/types/grading.ts
  44:16  error  Unexpected any. Specify a different type  @typescript-eslint/no-explicit-any

✖ 117 problems (73 errors, 44 warnings)

